patching file Documentation/sound/alsa/HD-Audio-Models.txt
patching file Makefile
patching file arch/alpha/kernel/err_marvel.c
patching file arch/alpha/kernel/proto.h
patching file arch/alpha/kernel/sys_cabriolet.c
patching file arch/alpha/kernel/sys_takara.c
patching file arch/arm/Kconfig
patching file arch/arm/include/asm/ptrace.h
patching file arch/arm/include/asm/tlbflush.h
patching file arch/arm/kernel/entry-common.S
patching file arch/arm/mach-at91/at91sam9g45_devices.c
patching file arch/arm/mach-ixp4xx/ixdp425-setup.c
patching file arch/arm/mach-mx3/mach-qong.c
patching file arch/arm/mach-orion5x/ts78xx-setup.c
patching file arch/arm/mach-pxa/cm-x300.c
patching file arch/arm/plat-mxc/gpio.c
patching file arch/arm/plat-mxc/include/mach/gpio.h
patching file arch/blackfin/mach-bf537/boards/stamp.c
patching file arch/blackfin/mach-bf561/boards/acvilon.c
patching file arch/ia64/include/asm/compat.h
patching file arch/ia64/kernel/fsys.S
patching file arch/ia64/kernel/msi_ia64.c
patching file arch/ia64/sn/kernel/msi_sn.c
patching file arch/mips/include/asm/compat.h
patching file arch/parisc/include/asm/compat.h
patching file arch/parisc/kernel/firmware.c
patching file arch/powerpc/Makefile
patching file arch/powerpc/include/asm/compat.h
patching file arch/powerpc/kernel/perf_event_fsl_emb.c
patching file arch/powerpc/kernel/time.c
patching file arch/s390/include/asm/compat.h
patching file arch/sparc/include/asm/atomic_64.h
patching file arch/sparc/include/asm/compat.h
patching file arch/sparc/include/asm/fb.h
patching file arch/sparc/include/asm/oplib_64.h
patching file arch/sparc/include/asm/parport.h
patching file arch/sparc/include/asm/rwsem-const.h
patching file arch/sparc/prom/cif.S
patching file arch/sparc/prom/console_64.c
patching file arch/sparc/prom/devops_64.c
patching file arch/sparc/prom/misc_64.c
patching file arch/sparc/prom/p1275.c
patching file arch/sparc/prom/tree_64.c
patching file arch/x86/Kconfig
patching file arch/x86/ia32/ia32entry.S
patching file arch/x86/include/asm/cmpxchg_32.h
patching file arch/x86/include/asm/cmpxchg_64.h
patching file arch/x86/include/asm/compat.h
patching file arch/x86/include/asm/hpet.h
patching file arch/x86/include/asm/tsc.h
patching file arch/x86/kernel/apic/apic.c
patching file arch/x86/kernel/apic/io_apic.c
patching file arch/x86/kernel/cpu/mtrr/main.c
patching file arch/x86/kernel/cpu/perf_event_intel.c
patching file arch/x86/kernel/cpu/perf_event_p4.c
patching file arch/x86/kernel/cpu/vmware.c
patching file arch/x86/kernel/early-quirks.c
patching file arch/x86/kernel/hpet.c
patching file arch/x86/kernel/mpparse.c
patching file arch/x86/kernel/smpboot.c
patching file arch/x86/kernel/tsc.c
patching file arch/x86/kvm/emulate.c
patching file arch/x86/kvm/mmu.c
patching file arch/x86/kvm/paging_tmpl.h
patching file arch/x86/kvm/vmx.c
patching file arch/x86/kvm/x86.c
patching file arch/x86/lib/atomic64_386_32.S
patching file arch/x86/mm/fault.c
patching file arch/x86/mm/kmmio.c
patching file arch/x86/mm/testmmiotrace.c
patching file arch/x86/oprofile/nmi_int.c
patching file arch/x86/pci/acpi.c
patching file arch/x86/power/cpu.c
patching file arch/x86/xen/enlighten.c
patching file arch/x86/xen/time.c
patching file crypto/Kconfig
patching file crypto/algboss.c
patching file crypto/testmgr.c
patching file drivers/acpi/apei/erst.c
patching file drivers/ata/ata_piix.c
patching file drivers/ata/libahci.c
patching file drivers/ata/libata-core.c
patching file drivers/ata/libata-eh.c
patching file drivers/ata/libata-sff.c
patching file drivers/ata/pata_cmd64x.c
patching file drivers/ata/pata_via.c
patching file drivers/ata/sata_mv.c
patching file drivers/atm/solos-pci.c
patching file drivers/base/power/main.c
patching file drivers/block/drbd/drbd_main.c
patching file drivers/bluetooth/btusb.c
patching file drivers/char/agp/intel-agp.c
patching file drivers/char/agp/intel-agp.h
patching file drivers/char/agp/intel-gtt.c
patching file drivers/char/ipmi/ipmi_si_intf.c
patching file drivers/char/mem.c
patching file drivers/char/nozomi.c
patching file drivers/char/tty_io.c
patching file drivers/char/virtio_console.c
patching file drivers/dma/ioat/dma.h
patching file drivers/dma/ioat/dma_v2.c
patching file drivers/dma/ioat/dma_v3.c
patching file drivers/edac/amd64_edac.c
patching file drivers/gpu/drm/drm_crtc_helper.c
patching file drivers/gpu/drm/drm_drv.c
patching file drivers/gpu/drm/i915/i915_dma.c
patching file drivers/gpu/drm/i915/i915_drv.c
patching file drivers/gpu/drm/i915/i915_gem.c
patching file drivers/gpu/drm/i915/i915_reg.h
patching file drivers/gpu/drm/i915/intel_display.c
patching file drivers/gpu/drm/i915/intel_dp.c
patching file drivers/gpu/drm/i915/intel_drv.h
patching file drivers/gpu/drm/i915/intel_lvds.c
patching file drivers/gpu/drm/i915/intel_overlay.c
patching file drivers/gpu/drm/i915/intel_ringbuffer.c
patching file drivers/gpu/drm/nouveau/nv50_instmem.c
patching file drivers/gpu/drm/radeon/atombios_crtc.c
patching file drivers/gpu/drm/radeon/evergreen.c
patching file drivers/gpu/drm/radeon/r600.c
patching file drivers/gpu/drm/radeon/r600d.h
patching file drivers/gpu/drm/radeon/radeon.h
patching file drivers/gpu/drm/radeon/radeon_atombios.c
patching file drivers/gpu/drm/radeon/radeon_device.c
patching file drivers/gpu/drm/radeon/radeon_i2c.c
patching file drivers/gpu/drm/radeon/radeon_irq_kms.c
patching file drivers/gpu/drm/radeon/radeon_kms.c
patching file drivers/gpu/drm/radeon/radeon_legacy_crtc.c
patching file drivers/gpu/drm/radeon/radeon_object.c
patching file drivers/gpu/drm/radeon/radeon_pm.c
patching file drivers/gpu/drm/radeon/rs690.c
patching file drivers/gpu/drm/radeon/rv515.c
patching file drivers/gpu/drm/radeon/rv770.c
patching file drivers/gpu/drm/radeon/rv770d.h
patching file drivers/hid/usbhid/hid-core.c
patching file drivers/hwmon/ads7871.c
patching file drivers/hwmon/emc1403.c
patching file drivers/hwmon/f75375s.c
patching file drivers/hwmon/hp_accel.c
patching file drivers/hwmon/k8temp.c
patching file drivers/hwmon/pc87360.c
patching file drivers/ide/ide-cd.c
patching file drivers/infiniband/hw/cxgb3/cxio_hal.h
patching file drivers/input/mouse/appletouch.c
patching file drivers/input/serio/i8042.c
patching file drivers/isdn/gigaset/capi.c
patching file drivers/isdn/sc/ioctl.c
patching file drivers/md/dm-exception-store.c
patching file drivers/md/dm-exception-store.h
patching file drivers/md/dm-ioctl.c
patching file drivers/md/dm-snap.c
patching file drivers/md/dm.c
patching file drivers/md/dm.h
patching file drivers/md/md.c
patching file drivers/md/md.h
patching file drivers/md/raid10.c
patching file drivers/memstick/core/mspro_block.c
patching file drivers/message/fusion/mptscsih.c
patching file drivers/misc/enclosure.c
patching file drivers/mmc/core/core.c
patching file drivers/mmc/core/host.c
patching file drivers/mmc/host/tmio_mmc.c
patching file drivers/mmc/host/tmio_mmc.h
patching file drivers/mtd/chips/cfi_cmdset_0001.c
patching file drivers/mtd/lpddr/lpddr_cmds.c
patching file drivers/mtd/nand/mxc_nand.c
patching file drivers/mtd/nand/nand_base.c
patching file drivers/mtd/nand/plat_nand.c
patching file drivers/mtd/nand/pxa3xx_nand.c
patching file drivers/net/bonding/bond_3ad.c
patching file drivers/net/bonding/bond_alb.c
patching file drivers/net/cxgb3/cxgb3_main.c
patching file drivers/net/e100.c
patching file drivers/net/e1000/e1000_main.c
patching file drivers/net/e1000e/82571.c
patching file drivers/net/e1000e/defines.h
patching file drivers/net/e1000e/hw.h
patching file drivers/net/e1000e/lib.c
patching file drivers/net/e1000e/netdev.c
patching file drivers/net/eql.c
patching file drivers/net/igb/igb_main.c
patching file drivers/net/igbvf/netdev.c
patching file drivers/net/ixgb/ixgb_main.c
patching file drivers/net/ixgbe/ixgbe_main.c
patching file drivers/net/ixgbevf/ixgbevf_main.c
patching file drivers/net/smsc911x.c
patching file drivers/net/usb/hso.c
patching file drivers/net/wireless/ath/ath5k/base.c
patching file drivers/net/wireless/ath/ath9k/ar9002_calib.c
patching file drivers/net/wireless/ath/ath9k/ar9003_eeprom.c
patching file drivers/net/wireless/ath/ath9k/eeprom.h
patching file drivers/net/wireless/ath/ath9k/eeprom_4k.c
patching file drivers/net/wireless/ath/ath9k/eeprom_9287.c
patching file drivers/net/wireless/ath/ath9k/eeprom_def.c
patching file drivers/net/wireless/ath/ath9k/htc_drv_main.c
patching file drivers/net/wireless/ath/ath9k/htc_drv_txrx.c
patching file drivers/net/wireless/ath/ath9k/hw.c
patching file drivers/net/wireless/ath/ath9k/xmit.c
patching file drivers/net/wireless/ath/regd.h
patching file drivers/net/wireless/iwlwifi/iwl-3945.c
patching file drivers/net/wireless/iwlwifi/iwl-agn-hcmd.c
patching file drivers/net/wireless/iwlwifi/iwl-agn-rs.c
patching file drivers/net/wireless/iwlwifi/iwl-agn-tx.c
patching file drivers/net/wireless/iwlwifi/iwl-agn.c
patching file drivers/net/wireless/iwlwifi/iwl-core.c
patching file drivers/net/wireless/iwlwifi/iwl-core.h
patching file drivers/net/wireless/iwlwifi/iwl-devtrace.h
patching file drivers/net/wireless/iwlwifi/iwl-scan.c
patching file drivers/net/wireless/iwlwifi/iwl3945-base.c
patching file drivers/net/wireless/p54/txrx.c
patching file drivers/net/wireless/rtl818x/rtl8180_dev.c
patching file drivers/net/wireless/wl12xx/wl1251_cmd.c
patching file drivers/net/xen-netfront.c
patching file drivers/oprofile/buffer_sync.c
patching file drivers/oprofile/cpu_buffer.c
patching file drivers/parisc/led.c
patching file drivers/pci/intel-iommu.c
patching file drivers/pci/msi.c
patching file drivers/pci/quirks.c
patching file drivers/pcmcia/pcmcia_resource.c
patching file drivers/platform/x86/compal-laptop.c
patching file drivers/platform/x86/dell-laptop.c
patching file drivers/platform/x86/dell-wmi.c
patching file drivers/platform/x86/hp-wmi.c
patching file drivers/power/apm_power.c
patching file drivers/regulator/wm8994-regulator.c
patching file drivers/rtc/rtc-s3c.c
patching file drivers/serial/8250_pci.c
patching file drivers/serial/bfin_sport_uart.c
patching file drivers/serial/suncore.c
patching file drivers/ssb/driver_chipcommon.c
patching file drivers/ssb/pci.c
patching file drivers/staging/batman-adv/hard-interface.c
patching file drivers/staging/batman-adv/originator.c
patching file drivers/staging/hv/Kconfig
patching file drivers/staging/hv/netvsc_drv.c
patching file drivers/staging/hv/ring_buffer.c
patching file drivers/staging/hv/storvsc_api.h
patching file drivers/staging/hv/storvsc_drv.c
patching file drivers/staging/line6/Kconfig
patching file drivers/staging/panel/panel.c
patching file drivers/staging/rt2860/usb_main_dev.c
patching file drivers/staging/vt6655/wpactl.c
patching file drivers/usb/atm/cxacru.c
patching file drivers/usb/class/cdc-acm.c
patching file drivers/usb/core/hub.c
patching file drivers/usb/core/message.c
patching file drivers/usb/core/quirks.c
patching file drivers/usb/core/urb.c
patching file drivers/usb/gadget/rndis.c
patching file drivers/usb/host/ehci-pci.c
patching file drivers/usb/host/ehci-ppc-of.c
patching file drivers/usb/host/ehci-sched.c
patching file drivers/usb/host/ehci.h
patching file drivers/usb/host/xhci-ring.c
patching file drivers/usb/misc/usbtest.c
patching file drivers/usb/mon/mon_bin.c
patching file drivers/usb/musb/musb_debugfs.c
patching file drivers/usb/serial/cp210x.c
patching file drivers/usb/serial/ftdi_sio.c
patching file drivers/usb/serial/ftdi_sio_ids.h
patching file drivers/usb/serial/generic.c
patching file drivers/usb/serial/io_ti.c
patching file drivers/usb/serial/mos7720.c
patching file drivers/usb/serial/mos7840.c
patching file drivers/usb/serial/navman.c
patching file drivers/usb/serial/option.c
patching file drivers/usb/serial/pl2303.c
patching file drivers/usb/serial/pl2303.h
patching file drivers/video/matrox/matroxfb_base.h
patching file drivers/video/sis/sis_main.c
patching file drivers/video/via/ioctl.c
patching file drivers/video/w100fb.c
patching file drivers/xen/events.c
patching file firmware/Makefile
patching file fs/aio.c
patching file fs/binfmt_misc.c
patching file fs/block_dev.c
patching file fs/char_dev.c
patching file fs/cifs/connect.c
patching file fs/compat.c
patching file fs/direct-io.c
patching file fs/ecryptfs/file.c
patching file fs/ecryptfs/inode.c
patching file fs/ext4/ext4.h
patching file fs/ext4/inode.c
patching file fs/ext4/super.c
patching file fs/fuse/dev.c
patching file fs/gfs2/log.c
patching file fs/jfs/xattr.c
patching file fs/minix/namei.c
patching file fs/namespace.c
Hunk #1 succeeded at 1985 (offset 1 line).
patching file fs/nfs/client.c
patching file fs/nfs/dir.c
patching file fs/nfs/nfs4proc.c
patching file fs/nfs/super.c
patching file fs/nilfs2/super.c
patching file fs/notify/inotify/inotify_user.c
patching file fs/ocfs2/acl.c
patching file fs/ocfs2/aops.c
patching file fs/ocfs2/dlm/dlmmaster.c
patching file fs/ocfs2/dlm/dlmrecovery.c
patching file fs/ocfs2/dlm/dlmthread.c
patching file fs/ocfs2/inode.c
patching file fs/ocfs2/refcounttree.c
patching file fs/proc/task_mmu.c
patching file fs/proc/vmcore.c
patching file fs/signalfd.c
patching file fs/super.c
patching file fs/sysfs/file.c
patching file fs/xfs/linux-2.6/xfs_aops.c
patching file fs/xfs/linux-2.6/xfs_aops.h
patching file fs/xfs/linux-2.6/xfs_ioctl.c
patching file fs/xfs/xfs_ialloc.c
patching file fs/xfs/xfs_inode.c
patching file include/acpi/platform/aclinux.h
patching file include/drm/drm_pciids.h
patching file include/linux/Kbuild
Hunk #1 succeeded at 277 (offset 1 line).
patching file include/linux/compat.h
patching file include/linux/fs.h
patching file include/linux/interrupt.h
patching file include/linux/ksm.h
patching file include/linux/kvm_host.h
patching file include/linux/libata.h
patching file include/linux/mm.h
patching file include/linux/mm_types.h
patching file include/linux/mmc/host.h
patching file include/linux/mmzone.h
patching file include/linux/msi.h
patching file include/linux/mtd/flashchip.h
patching file include/linux/netdevice.h
patching file include/linux/notifier.h
patching file include/linux/sched.h
patching file include/linux/skbuff.h
patching file include/linux/swap.h
patching file include/linux/tty.h
patching file include/linux/usb/quirks.h
patching file include/linux/vmstat.h
patching file include/net/sock.h
patching file include/net/tcp.h
patching file include/net/udp.h
patching file include/sound/emu10k1.h
patching file include/trace/events/timer.h
patching file kernel/compat.c
patching file kernel/exit.c
patching file kernel/fork.c
patching file kernel/gcov/fs.c
patching file kernel/groups.c
patching file kernel/hw_breakpoint.c
patching file kernel/irq/manage.c
patching file kernel/power/snapshot.c
patching file kernel/sched.c
patching file kernel/signal.c
patching file kernel/sys.c
patching file kernel/time/tick-sched.c
patching file kernel/time/timekeeping.c
patching file kernel/trace/ftrace.c
patching file kernel/trace/ring_buffer.c
patching file kernel/trace/trace_functions_graph.c
patching file mm/backing-dev.c
patching file mm/bounce.c
patching file mm/compaction.c
patching file mm/ksm.c
patching file mm/memory.c
patching file mm/memory_hotplug.c
patching file mm/mlock.c
patching file mm/mmap.c
patching file mm/mmzone.c
patching file mm/nommu.c
patching file mm/page-writeback.c
patching file mm/page_alloc.c
patching file mm/percpu.c
patching file mm/slab.c
patching file mm/swapfile.c
patching file mm/vmscan.c
patching file mm/vmstat.c
patching file net/9p/trans_fd.c
patching file net/Kconfig
patching file net/bridge/br_device.c
patching file net/bridge/br_fdb.c
patching file net/bridge/br_input.c
patching file net/bridge/br_netfilter.c
patching file net/bridge/br_stp_bpdu.c
patching file net/can/bcm.c
patching file net/can/raw.c
patching file net/core/dev.c
patching file net/core/skbuff.c
patching file net/ipv4/datagram.c
patching file net/ipv4/devinet.c
patching file net/ipv4/netfilter/arp_tables.c
patching file net/ipv4/netfilter/ip_tables.c
patching file net/ipv4/route.c
patching file net/ipv4/tcp.c
patching file net/ipv4/tcp_timer.c
patching file net/ipv4/udp.c
patching file net/ipv6/datagram.c
patching file net/ipv6/netfilter/ip6_tables.c
patching file net/ipv6/udp.c
patching file net/irda/af_irda.c
patching file net/irda/irlan/irlan_common.c
patching file net/l2tp/l2tp_eth.c
patching file net/llc/af_llc.c
patching file net/mac80211/main.c
patching file net/mac80211/mesh_plink.c
patching file net/netlink/af_netlink.c
patching file net/rds/recv.c
patching file net/sched/act_nat.c
patching file net/sched/sch_generic.c
patching file net/sched/sch_sfq.c
patching file net/sctp/output.c
patching file net/sunrpc/auth_gss/auth_gss.c
patching file net/sunrpc/rpc_pipe.c
patching file net/unix/af_unix.c
patching file net/wireless/mlme.c
patching file net/wireless/scan.c
patching file net/wireless/wext-compat.c
patching file net/wireless/wext-core.c
patching file scripts/mkmakefile
patching file security/integrity/ima/ima.h
patching file security/integrity/ima/ima_iint.c
patching file security/integrity/ima/ima_main.c
patching file security/keys/keyctl.c
patching file sound/core/pcm_native.c
patching file sound/core/seq/oss/seq_oss_init.c
patching file sound/pci/emu10k1/emu10k1.c
patching file sound/pci/emu10k1/emupcm.c
patching file sound/pci/emu10k1/memory.c
patching file sound/pci/hda/hda_codec.c
patching file sound/pci/hda/patch_cirrus.c
patching file sound/pci/hda/patch_conexant.c
patching file sound/pci/hda/patch_nvhdmi.c
patching file sound/pci/hda/patch_realtek.c
patching file sound/pci/hda/patch_sigmatel.c
patching file sound/pci/intel8x0.c
patching file sound/pci/oxygen/oxygen.h
patching file sound/pci/oxygen/oxygen_lib.c
patching file sound/pci/oxygen/virtuoso.c
patching file sound/pci/oxygen/xonar_wm87x6.c
patching file sound/pci/riptide/riptide.c
patching file sound/soc/codecs/wm8580.c
patching file sound/soc/codecs/wm8776.c
patching file sound/soc/soc-cache.c
patching file sound/usb/card.c
patching file sound/usb/clock.c
patching file sound/usb/endpoint.c
patching file sound/usb/format.c
patching file sound/usb/mixer.c
patching file sound/usb/pcm.c
patching file tools/perf/util/callchain.h
patching file virt/kvm/kvm_main.c
