This file contains any messages produced by compilers while
running configure, to aid debugging if configure makes a mistake.

It was created by GRUB configure 0.97-os.6, which was
generated by GNU Autoconf 2.61.  Invocation command line was

  $ ./configure --enable-ntfs --enable-pxe --enable-diskless

## --------- ##
## Platform. ##
## --------- ##

hostname = imp
uname -m = i686
uname -r = 2.6.23.16
uname -s = Linux
uname -v = #2 SMP PREEMPT Sat Feb 16 22:06:37 CET 2008

/usr/bin/uname -p = unknown
/bin/uname -X     = unknown

/bin/arch              = unknown
/usr/bin/arch -k       = unknown
/usr/convex/getsysinfo = unknown
/usr/bin/hostinfo      = unknown
/bin/machine           = unknown
/usr/bin/oslevel       = unknown
/bin/universe          = unknown

PATH: /usr/local/bin
PATH: /usr/bin
PATH: /bin
PATH: /usr/bin/X11
PATH: /usr/games
PATH: .
PATH: /home/martin/bin
PATH: /home/martin/Projektarbeit/FlexIO/AMRHierLib/
PATH: /usr/lib/qt3/bin
PATH: /opt/mpich/bin/
PATH: /opt/mpich/share/upshot/bin/
PATH: .
PATH: /home/martin/bin/
PATH: /home/martin/software/FlexIO/AMRHierLib/
PATH: /usr/lib/qt3/bin
PATH: /opt/mpich/bin/
PATH: /usr/games/
PATH: /home/martin/studium/Diplomarbeit/software/OpenSceneGraph/bin/Linux32/
PATH: /sbin/
PATH: /usr/sbin/


## ----------- ##
## Core tests. ##
## ----------- ##

configure:1873: checking for a BSD-compatible install
configure:1929: result: /usr/bin/install -c
configure:1940: checking whether build environment is sane
configure:1983: result: yes
configure:2048: checking for gawk
configure:2064: found /usr/bin/gawk
configure:2075: result: gawk
configure:2086: checking whether make sets $(MAKE)
configure:2107: result: yes
configure:2298: checking build system type
configure:2316: result: i686-pc-linux-gnu
configure:2338: checking host system type
configure:2353: result: i686-pc-linux-gnu
configure:2391: checking whether to enable maintainer-specific portions of Makefiles
configure:2400: result: no
configure:2519: checking for gcc
configure:2535: found /usr/bin/gcc
configure:2546: result: gcc
configure:2620: checking for gcc
configure:2647: result: gcc
configure:2885: checking for C compiler version
configure:2892: gcc --version >&5
gcc (GCC) 4.2.3 (Debian 4.2.3-1)
Copyright (C) 2007 Free Software Foundation, Inc.
This is free software; see the source for copying conditions.  There is NO
warranty; not even for MERCHANTABILITY or FITNESS FOR A PARTICULAR PURPOSE.

configure:2895: $? = 0
configure:2902: gcc -v >&5
Using built-in specs.
Target: i486-linux-gnu
Configured with: ../src/configure -v --enable-languages=c,c++,fortran,objc,obj-c++,treelang --prefix=/usr --enable-shared --with-system-zlib --libexecdir=/usr/lib --without-included-gettext --enable-threads=posix --enable-nls --with-gxx-include-dir=/usr/include/c++/4.2 --program-suffix=-4.2 --enable-clocale=gnu --enable-libstdcxx-debug --enable-objc-gc --enable-mpfr --disable-libmudflap --enable-targets=all --enable-checking=release --build=i486-linux-gnu --host=i486-linux-gnu --target=i486-linux-gnu
Thread model: posix
gcc version 4.2.3 (Debian 4.2.3-1)
configure:2905: $? = 0
configure:2912: gcc -V >&5
gcc: '-V' option must have argument
configure:2915: $? = 1
configure:2938: checking for C compiler default output file name
configure:2965: gcc    conftest.c  >&5
configure:2968: $? = 0
configure:3006: result: a.out
configure:3023: checking whether the C compiler works
configure:3033: ./a.out
configure:3036: $? = 0
configure:3053: result: yes
configure:3060: checking whether we are cross compiling
configure:3062: result: no
configure:3065: checking for suffix of executables
configure:3072: gcc -o conftest    conftest.c  >&5
configure:3075: $? = 0
configure:3099: result: 
configure:3105: checking for suffix of object files
configure:3131: gcc -c   conftest.c >&5
configure:3134: $? = 0
configure:3157: result: o
configure:3161: checking whether we are using the GNU C compiler
configure:3190: gcc -c   conftest.c >&5
configure:3196: $? = 0
configure:3213: result: yes
configure:3218: checking whether gcc accepts -g
configure:3248: gcc -c -g  conftest.c >&5
configure:3254: $? = 0
configure:3353: result: yes
configure:3370: checking for gcc option to accept ISO C89
configure:3444: gcc  -c -g -O2  conftest.c >&5
configure:3450: $? = 0
configure:3473: result: none needed
configure:3502: checking for style of include used by make
configure:3530: result: GNU
configure:3558: checking dependency style of gcc
configure:3648: result: gcc3
configure:3669: checking dependency style of gcc
configure:3759: result: gcc3
configure:3874: checking for ranlib
configure:3890: found /usr/bin/ranlib
configure:3901: result: ranlib
configure:3941: checking whether optimization for size works
configure:3970: gcc -c -Os -g  conftest.c >&5
configure:3976: $? = 0
configure:3993: result: yes
configure:4002: checking whether gcc has -fno-stack-protector
configure:4031: gcc -c -fno-stack-protector  conftest.c >&5
configure:4037: $? = 0
configure:4054: result: yes
configure:4070: checking whether -Wundef works
configure:4099: gcc -c   -g -Wundef conftest.c >&5
configure:4105: $? = 0
configure:4122: result: yes
configure:4127: checking whether -falign-loops works
configure:4156: gcc -c   -g -falign-loops=1 conftest.c >&5
configure:4162: $? = 0
configure:4179: result: yes
configure:4279: checking for objcopy
configure:4295: found /usr/bin/objcopy
configure:4306: result: objcopy
configure:4336: checking if C symbols get an underscore after compilation
configure:4351: gcc   -g -S conftest.c
configure:4354: $? = 0
configure:4381: result: no
configure:4384: checking whether objcopy works for absolute addresses
configure:4397: gcc -c   -g  -Wall -Wmissing-prototypes -Wunused -Wshadow -Wpointer-arith -falign-jumps=1 -falign-loops=1 -falign-functions=1 -Wundef conftest.c >&5
conftest.c:3: warning: no previous prototype for 'cmain'
configure:4400: $? = 0
configure:4410: gcc   -g -nostdlib -Wl,-N -Wl,-Ttext -Wl,2000 conftest.o -o conftest.exec
/usr/bin/ld: warning: cannot find entry symbol _start; defaulting to 0000000000002000
configure:4413: $? = 0
configure:4421: objcopy -O binary conftest.exec conftest
configure:4424: $? = 0
configure:4410: gcc   -g -nostdlib -Wl,-N -Wl,-Ttext -Wl,8000 conftest.o -o conftest.exec
/usr/bin/ld: warning: cannot find entry symbol _start; defaulting to 0000000000008000
configure:4413: $? = 0
configure:4421: objcopy -O binary conftest.exec conftest
configure:4424: $? = 0
configure:4432: cmp -s conftest.old conftest
configure:4435: $? = 0
configure:4410: gcc   -g -nostdlib -Wl,-N -Wl,-Ttext -Wl,7C00 conftest.o -o conftest.exec
/usr/bin/ld: warning: cannot find entry symbol _start; defaulting to 0000000000007c00
configure:4413: $? = 0
configure:4421: objcopy -O binary conftest.exec conftest
configure:4424: $? = 0
configure:4432: cmp -s conftest.old conftest
configure:4435: $? = 0
configure:4446: result: yes
configure:4455: checking whether addr32 must be in the same line as the instruction
configure:4466: gcc   -g -c conftest.s
configure:4469: $? = 0
configure:4499: result: yes
configure:4504: checking for .code16 addr32 assembler support
configure:4521: gcc   -g -c conftest.s
configure:4524: $? = 0
configure:4535: result: yes
configure:4544: checking whether an absolute indirect call/jump must not be prefixed with an asterisk
configure:4557: gcc   -g -c conftest.s
configure:4560: $? = 0
configure:4579: result: no
configure:4583: checking if start is defined by the compiler
configure:4609: gcc -o conftest   -g  -Wall -Wmissing-prototypes -Wunused -Wshadow -Wpointer-arith -falign-jumps=1 -falign-loops=1 -falign-functions=1 -Wundef  conftest.c  >&5
/tmp/ccI2qWJj.o: In function `main':
/home/coding/LINBO/Pxegrub/grub-0.97_ntfs_findloop/conftest.c:16: undefined reference to `start'
collect2: ld returned 1 exit status
configure:4615: $? = 1
configure: failed program was:
| /* confdefs.h.  */
| #define PACKAGE_NAME "GRUB"
| #define PACKAGE_TARNAME "grub"
| #define PACKAGE_VERSION "0.97-os.6"
| #define PACKAGE_STRING "GRUB 0.97-os.6"
| #define PACKAGE_BUGREPORT "adam@os.inf.tu-dresden.de"
| #define PACKAGE "grub"
| #define VERSION "0.97-os.6"
| #define ADDR32 addr32
| #define DATA32 data32
| /* end confdefs.h.  */
| 
| int
| main ()
| {
| asm ("incl start")
|   ;
|   return 0;
| }
configure:4642: result: no
configure:4646: checking if _start is defined by the compiler
configure:4672: gcc -o conftest   -g  -Wall -Wmissing-prototypes -Wunused -Wshadow -Wpointer-arith -falign-jumps=1 -falign-loops=1 -falign-functions=1 -Wundef  conftest.c  >&5
configure:4678: $? = 0
configure:4705: result: yes
configure:4716: checking if __bss_start is defined by the compiler
configure:4742: gcc -o conftest   -g  -Wall -Wmissing-prototypes -Wunused -Wshadow -Wpointer-arith -falign-jumps=1 -falign-loops=1 -falign-functions=1 -Wundef  conftest.c  >&5
configure:4748: $? = 0
configure:4775: result: yes
configure:4779: checking if _edata is defined by the compiler
configure:4805: gcc -o conftest   -g  -Wall -Wmissing-prototypes -Wunused -Wshadow -Wpointer-arith -falign-jumps=1 -falign-loops=1 -falign-functions=1 -Wundef  conftest.c  >&5
configure:4811: $? = 0
configure:4838: result: yes
configure:4842: checking if edata is defined by the compiler
configure:4868: gcc -o conftest   -g  -Wall -Wmissing-prototypes -Wunused -Wshadow -Wpointer-arith -falign-jumps=1 -falign-loops=1 -falign-functions=1 -Wundef  conftest.c  >&5
configure:4874: $? = 0
configure:4901: result: yes
configure:4913: checking if end is defined by the compiler
configure:4939: gcc -o conftest   -g  -Wall -Wmissing-prototypes -Wunused -Wshadow -Wpointer-arith -falign-jumps=1 -falign-loops=1 -falign-functions=1 -Wundef  conftest.c  >&5
configure:4945: $? = 0
configure:4972: result: yes
configure:4976: checking if _end is defined by the compiler
configure:5002: gcc -o conftest   -g  -Wall -Wmissing-prototypes -Wunused -Wshadow -Wpointer-arith -falign-jumps=1 -falign-loops=1 -falign-functions=1 -Wundef  conftest.c  >&5
configure:5008: $? = 0
configure:5035: result: yes
configure:5055: checking for opendisk in -lutil
configure:5090: gcc -o conftest   -g  -Wall -Wmissing-prototypes -Wunused -Wshadow -Wpointer-arith -falign-jumps=1 -falign-loops=1 -falign-functions=1 -Wundef  conftest.c -lutil   >&5
/tmp/ccyncDTc.o: In function `main':
/home/coding/LINBO/Pxegrub/grub-0.97_ntfs_findloop/conftest.c:29: undefined reference to `opendisk'
collect2: ld returned 1 exit status
configure:5096: $? = 1
configure: failed program was:
| /* confdefs.h.  */
| #define PACKAGE_NAME "GRUB"
| #define PACKAGE_TARNAME "grub"
| #define PACKAGE_VERSION "0.97-os.6"
| #define PACKAGE_STRING "GRUB 0.97-os.6"
| #define PACKAGE_BUGREPORT "adam@os.inf.tu-dresden.de"
| #define PACKAGE "grub"
| #define VERSION "0.97-os.6"
| #define ADDR32 addr32
| #define DATA32 data32
| #define HAVE_USCORE_START_SYMBOL 1
| #define HAVE_USCORE_USCORE_BSS_START_SYMBOL 1
| #define HAVE_USCORE_EDATA_SYMBOL 1
| #define HAVE_EDATA_SYMBOL 1
| #define HAVE_END_SYMBOL 1
| #define HAVE_USCORE_END_SYMBOL 1
| /* end confdefs.h.  */
| 
| /* Override any GCC internal prototype to avoid an error.
|    Use char because int might match the return type of a GCC
|    builtin and then its argument prototype would still apply.  */
| #ifdef __cplusplus
| extern "C"
| #endif
| char opendisk ();
| int
| main ()
| {
| return opendisk ();
|   ;
|   return 0;
| }
configure:5114: result: no
configure:5128: checking for wgetch in -lncurses
configure:5163: gcc -o conftest   -g  -Wall -Wmissing-prototypes -Wunused -Wshadow -Wpointer-arith -falign-jumps=1 -falign-loops=1 -falign-functions=1 -Wundef  conftest.c -lncurses   >&5
configure:5169: $? = 0
configure:5187: result: yes
configure:5279: checking how to run the C preprocessor
configure:5319: gcc -E  -Wall -Wmissing-prototypes -Wunused -Wshadow -Wpointer-arith -falign-jumps=1 -falign-loops=1 -falign-functions=1 -Wundef conftest.c
configure:5325: $? = 0
configure:5356: gcc -E  -Wall -Wmissing-prototypes -Wunused -Wshadow -Wpointer-arith -falign-jumps=1 -falign-loops=1 -falign-functions=1 -Wundef conftest.c
conftest.c:19:28: error: ac_nonexistent.h: No such file or directory
configure:5362: $? = 1
configure: failed program was:
| /* confdefs.h.  */
| #define PACKAGE_NAME "GRUB"
| #define PACKAGE_TARNAME "grub"
| #define PACKAGE_VERSION "0.97-os.6"
| #define PACKAGE_STRING "GRUB 0.97-os.6"
| #define PACKAGE_BUGREPORT "adam@os.inf.tu-dresden.de"
| #define PACKAGE "grub"
| #define VERSION "0.97-os.6"
| #define ADDR32 addr32
| #define DATA32 data32
| #define HAVE_USCORE_START_SYMBOL 1
| #define HAVE_USCORE_USCORE_BSS_START_SYMBOL 1
| #define HAVE_USCORE_EDATA_SYMBOL 1
| #define HAVE_EDATA_SYMBOL 1
| #define HAVE_END_SYMBOL 1
| #define HAVE_USCORE_END_SYMBOL 1
| #define HAVE_LIBCURSES 1
| /* end confdefs.h.  */
| #include <ac_nonexistent.h>
configure:5395: result: gcc -E
configure:5424: gcc -E  -Wall -Wmissing-prototypes -Wunused -Wshadow -Wpointer-arith -falign-jumps=1 -falign-loops=1 -falign-functions=1 -Wundef conftest.c
configure:5430: $? = 0
configure:5461: gcc -E  -Wall -Wmissing-prototypes -Wunused -Wshadow -Wpointer-arith -falign-jumps=1 -falign-loops=1 -falign-functions=1 -Wundef conftest.c
conftest.c:19:28: error: ac_nonexistent.h: No such file or directory
configure:5467: $? = 1
configure: failed program was:
| /* confdefs.h.  */
| #define PACKAGE_NAME "GRUB"
| #define PACKAGE_TARNAME "grub"
| #define PACKAGE_VERSION "0.97-os.6"
| #define PACKAGE_STRING "GRUB 0.97-os.6"
| #define PACKAGE_BUGREPORT "adam@os.inf.tu-dresden.de"
| #define PACKAGE "grub"
| #define VERSION "0.97-os.6"
| #define ADDR32 addr32
| #define DATA32 data32
| #define HAVE_USCORE_START_SYMBOL 1
| #define HAVE_USCORE_USCORE_BSS_START_SYMBOL 1
| #define HAVE_USCORE_EDATA_SYMBOL 1
| #define HAVE_EDATA_SYMBOL 1
| #define HAVE_END_SYMBOL 1
| #define HAVE_USCORE_END_SYMBOL 1
| #define HAVE_LIBCURSES 1
| /* end confdefs.h.  */
| #include <ac_nonexistent.h>
configure:5505: checking for grep that handles long lines and -e
configure:5579: result: /bin/grep
configure:5584: checking for egrep
configure:5662: result: /bin/grep -E
configure:5667: checking for ANSI C header files
configure:5697: gcc -c   -g  -Wall -Wmissing-prototypes -Wunused -Wshadow -Wpointer-arith -falign-jumps=1 -falign-loops=1 -falign-functions=1 -Wundef conftest.c >&5
configure:5703: $? = 0
configure:5802: gcc -o conftest   -g  -Wall -Wmissing-prototypes -Wunused -Wshadow -Wpointer-arith -falign-jumps=1 -falign-loops=1 -falign-functions=1 -Wundef  conftest.c  >&5
configure:5805: $? = 0
configure:5811: ./conftest
configure:5814: $? = 0
configure:5831: result: yes
configure:5855: checking for sys/types.h
configure:5876: gcc -c   -g  -Wall -Wmissing-prototypes -Wunused -Wshadow -Wpointer-arith -falign-jumps=1 -falign-loops=1 -falign-functions=1 -Wundef conftest.c >&5
configure:5882: $? = 0
configure:5898: result: yes
configure:5855: checking for sys/stat.h
configure:5876: gcc -c   -g  -Wall -Wmissing-prototypes -Wunused -Wshadow -Wpointer-arith -falign-jumps=1 -falign-loops=1 -falign-functions=1 -Wundef conftest.c >&5
configure:5882: $? = 0
configure:5898: result: yes
configure:5855: checking for stdlib.h
configure:5876: gcc -c   -g  -Wall -Wmissing-prototypes -Wunused -Wshadow -Wpointer-arith -falign-jumps=1 -falign-loops=1 -falign-functions=1 -Wundef conftest.c >&5
configure:5882: $? = 0
configure:5898: result: yes
configure:5855: checking for string.h
configure:5876: gcc -c   -g  -Wall -Wmissing-prototypes -Wunused -Wshadow -Wpointer-arith -falign-jumps=1 -falign-loops=1 -falign-functions=1 -Wundef conftest.c >&5
configure:5882: $? = 0
configure:5898: result: yes
configure:5855: checking for memory.h
configure:5876: gcc -c   -g  -Wall -Wmissing-prototypes -Wunused -Wshadow -Wpointer-arith -falign-jumps=1 -falign-loops=1 -falign-functions=1 -Wundef conftest.c >&5
configure:5882: $? = 0
configure:5898: result: yes
configure:5855: checking for strings.h
configure:5876: gcc -c   -g  -Wall -Wmissing-prototypes -Wunused -Wshadow -Wpointer-arith -falign-jumps=1 -falign-loops=1 -falign-functions=1 -Wundef conftest.c >&5
configure:5882: $? = 0
configure:5898: result: yes
configure:5855: checking for inttypes.h
configure:5876: gcc -c   -g  -Wall -Wmissing-prototypes -Wunused -Wshadow -Wpointer-arith -falign-jumps=1 -falign-loops=1 -falign-functions=1 -Wundef conftest.c >&5
configure:5882: $? = 0
configure:5898: result: yes
configure:5855: checking for stdint.h
configure:5876: gcc -c   -g  -Wall -Wmissing-prototypes -Wunused -Wshadow -Wpointer-arith -falign-jumps=1 -falign-loops=1 -falign-functions=1 -Wundef conftest.c >&5
configure:5882: $? = 0
configure:5898: result: yes
configure:5855: checking for unistd.h
configure:5876: gcc -c   -g  -Wall -Wmissing-prototypes -Wunused -Wshadow -Wpointer-arith -falign-jumps=1 -falign-loops=1 -falign-functions=1 -Wundef conftest.c >&5
configure:5882: $? = 0
configure:5898: result: yes
configure:5919: checking for string.h
configure:5925: result: yes
configure:5919: checking for strings.h
configure:5925: result: yes
configure:5929: checking ncurses/curses.h usability
configure:5946: gcc -c   -g  -Wall -Wmissing-prototypes -Wunused -Wshadow -Wpointer-arith -falign-jumps=1 -falign-loops=1 -falign-functions=1 -Wundef conftest.c >&5
conftest.c:64:28: error: ncurses/curses.h: No such file or directory
configure:5952: $? = 1
configure: failed program was:
| /* confdefs.h.  */
| #define PACKAGE_NAME "GRUB"
| #define PACKAGE_TARNAME "grub"
| #define PACKAGE_VERSION "0.97-os.6"
| #define PACKAGE_STRING "GRUB 0.97-os.6"
| #define PACKAGE_BUGREPORT "adam@os.inf.tu-dresden.de"
| #define PACKAGE "grub"
| #define VERSION "0.97-os.6"
| #define ADDR32 addr32
| #define DATA32 data32
| #define HAVE_USCORE_START_SYMBOL 1
| #define HAVE_USCORE_USCORE_BSS_START_SYMBOL 1
| #define HAVE_USCORE_EDATA_SYMBOL 1
| #define HAVE_EDATA_SYMBOL 1
| #define HAVE_END_SYMBOL 1
| #define HAVE_USCORE_END_SYMBOL 1
| #define HAVE_LIBCURSES 1
| #define STDC_HEADERS 1
| #define HAVE_SYS_TYPES_H 1
| #define HAVE_SYS_STAT_H 1
| #define HAVE_STDLIB_H 1
| #define HAVE_STRING_H 1
| #define HAVE_MEMORY_H 1
| #define HAVE_STRINGS_H 1
| #define HAVE_INTTYPES_H 1
| #define HAVE_STDINT_H 1
| #define HAVE_UNISTD_H 1
| #define HAVE_STRING_H 1
| #define HAVE_STRINGS_H 1
| /* end confdefs.h.  */
| #include <stdio.h>
| #ifdef HAVE_SYS_TYPES_H
| # include <sys/types.h>
| #endif
| #ifdef HAVE_SYS_STAT_H
| # include <sys/stat.h>
| #endif
| #ifdef STDC_HEADERS
| # include <stdlib.h>
| # include <stddef.h>
| #else
| # ifdef HAVE_STDLIB_H
| #  include <stdlib.h>
| # endif
| #endif
| #ifdef HAVE_STRING_H
| # if !defined STDC_HEADERS && defined HAVE_MEMORY_H
| #  include <memory.h>
| # endif
| # include <string.h>
| #endif
| #ifdef HAVE_STRINGS_H
| # include <strings.h>
| #endif
| #ifdef HAVE_INTTYPES_H
| # include <inttypes.h>
| #endif
| #ifdef HAVE_STDINT_H
| # include <stdint.h>
| #endif
| #ifdef HAVE_UNISTD_H
| # include <unistd.h>
| #endif
| #include <ncurses/curses.h>
configure:5966: result: no
configure:5970: checking ncurses/curses.h presence
configure:5985: gcc -E  -Wall -Wmissing-prototypes -Wunused -Wshadow -Wpointer-arith -falign-jumps=1 -falign-loops=1 -falign-functions=1 -Wundef conftest.c
conftest.c:31:28: error: ncurses/curses.h: No such file or directory
configure:5991: $? = 1
configure: failed program was:
| /* confdefs.h.  */
| #define PACKAGE_NAME "GRUB"
| #define PACKAGE_TARNAME "grub"
| #define PACKAGE_VERSION "0.97-os.6"
| #define PACKAGE_STRING "GRUB 0.97-os.6"
| #define PACKAGE_BUGREPORT "adam@os.inf.tu-dresden.de"
| #define PACKAGE "grub"
| #define VERSION "0.97-os.6"
| #define ADDR32 addr32
| #define DATA32 data32
| #define HAVE_USCORE_START_SYMBOL 1
| #define HAVE_USCORE_USCORE_BSS_START_SYMBOL 1
| #define HAVE_USCORE_EDATA_SYMBOL 1
| #define HAVE_EDATA_SYMBOL 1
| #define HAVE_END_SYMBOL 1
| #define HAVE_USCORE_END_SYMBOL 1
| #define HAVE_LIBCURSES 1
| #define STDC_HEADERS 1
| #define HAVE_SYS_TYPES_H 1
| #define HAVE_SYS_STAT_H 1
| #define HAVE_STDLIB_H 1
| #define HAVE_STRING_H 1
| #define HAVE_MEMORY_H 1
| #define HAVE_STRINGS_H 1
| #define HAVE_INTTYPES_H 1
| #define HAVE_STDINT_H 1
| #define HAVE_UNISTD_H 1
| #define HAVE_STRING_H 1
| #define HAVE_STRINGS_H 1
| /* end confdefs.h.  */
| #include <ncurses/curses.h>
configure:6005: result: no
configure:6038: checking for ncurses/curses.h
configure:6046: result: no
configure:5929: checking ncurses.h usability
configure:5946: gcc -c   -g  -Wall -Wmissing-prototypes -Wunused -Wshadow -Wpointer-arith -falign-jumps=1 -falign-loops=1 -falign-functions=1 -Wundef conftest.c >&5
configure:5952: $? = 0
configure:5966: result: yes
configure:5970: checking ncurses.h presence
configure:5985: gcc -E  -Wall -Wmissing-prototypes -Wunused -Wshadow -Wpointer-arith -falign-jumps=1 -falign-loops=1 -falign-functions=1 -Wundef conftest.c
configure:5991: $? = 0
configure:6005: result: yes
configure:6038: checking for ncurses.h
configure:6046: result: yes
configure:5929: checking curses.h usability
configure:5946: gcc -c   -g  -Wall -Wmissing-prototypes -Wunused -Wshadow -Wpointer-arith -falign-jumps=1 -falign-loops=1 -falign-functions=1 -Wundef conftest.c >&5
configure:5952: $? = 0
configure:5966: result: yes
configure:5970: checking curses.h presence
configure:5985: gcc -E  -Wall -Wmissing-prototypes -Wunused -Wshadow -Wpointer-arith -falign-jumps=1 -falign-loops=1 -falign-functions=1 -Wundef conftest.c
configure:5991: $? = 0
configure:6005: result: yes
configure:6038: checking for curses.h
configure:6046: result: yes
configure:6805: creating ./config.status

## ---------------------- ##
## Running config.status. ##
## ---------------------- ##

This file was extended by GRUB config.status 0.97-os.6, which was
generated by GNU Autoconf 2.61.  Invocation command line was

  CONFIG_FILES    = 
  CONFIG_HEADERS  = 
  CONFIG_LINKS    = 
  CONFIG_COMMANDS = 
  $ ./config.status 

on imp

config.status:684: creating Makefile
config.status:819: WARNING:  Makefile.in seems to ignore the --datarootdir setting
config.status:684: creating stage1/Makefile
config.status:819: WARNING:  stage1/Makefile.in seems to ignore the --datarootdir setting
config.status:684: creating stage2/Makefile
config.status:819: WARNING:  stage2/Makefile.in seems to ignore the --datarootdir setting
config.status:684: creating docs/Makefile
config.status:819: WARNING:  docs/Makefile.in seems to ignore the --datarootdir setting
config.status:684: creating lib/Makefile
config.status:819: WARNING:  lib/Makefile.in seems to ignore the --datarootdir setting
config.status:684: creating util/Makefile
config.status:819: WARNING:  util/Makefile.in seems to ignore the --datarootdir setting
config.status:684: creating grub/Makefile
config.status:819: WARNING:  grub/Makefile.in seems to ignore the --datarootdir setting
config.status:684: creating netboot/Makefile
config.status:819: WARNING:  netboot/Makefile.in seems to ignore the --datarootdir setting
config.status:684: creating util/grub-image
config.status:684: creating util/grub-install
config.status:684: creating util/grub-md5-crypt
config.status:684: creating util/grub-terminfo
config.status:684: creating util/grub-set-default
config.status:684: creating config.h
config.status:918: config.h is unchanged
config.status:964: executing depfiles commands

## ---------------- ##
## Cache variables. ##
## ---------------- ##

ac_cv_build=i686-pc-linux-gnu
ac_cv_c_compiler_gnu=yes
ac_cv_env_CC_set=
ac_cv_env_CC_value=
ac_cv_env_CFLAGS_set=
ac_cv_env_CFLAGS_value=
ac_cv_env_CPPFLAGS_set=
ac_cv_env_CPPFLAGS_value=
ac_cv_env_CPP_set=
ac_cv_env_CPP_value=
ac_cv_env_LDFLAGS_set=
ac_cv_env_LDFLAGS_value=
ac_cv_env_LIBS_set=
ac_cv_env_LIBS_value=
ac_cv_env_build_alias_set=
ac_cv_env_build_alias_value=
ac_cv_env_host_alias_set=
ac_cv_env_host_alias_value=
ac_cv_env_target_alias_set=
ac_cv_env_target_alias_value=
ac_cv_header_curses_h=yes
ac_cv_header_inttypes_h=yes
ac_cv_header_memory_h=yes
ac_cv_header_ncurses_curses_h=no
ac_cv_header_ncurses_h=yes
ac_cv_header_stdc=yes
ac_cv_header_stdint_h=yes
ac_cv_header_stdlib_h=yes
ac_cv_header_string_h=yes
ac_cv_header_strings_h=yes
ac_cv_header_sys_stat_h=yes
ac_cv_header_sys_types_h=yes
ac_cv_header_unistd_h=yes
ac_cv_host=i686-pc-linux-gnu
ac_cv_lib_ncurses_wgetch=yes
ac_cv_lib_util_opendisk=no
ac_cv_objext=o
ac_cv_path_EGREP='/bin/grep -E'
ac_cv_path_GREP=/bin/grep
ac_cv_path_install='/usr/bin/install -c'
ac_cv_prog_AWK=gawk
ac_cv_prog_CPP='gcc -E'
ac_cv_prog_ac_ct_CC=gcc
ac_cv_prog_ac_ct_OBJCOPY=objcopy
ac_cv_prog_ac_ct_RANLIB=ranlib
ac_cv_prog_cc_c89=
ac_cv_prog_cc_g=yes
ac_cv_prog_make_make_set=yes
am_cv_CC_dependencies_compiler_type=gcc3
grub_cv_asm_absolute_without_asterisk=no
grub_cv_asm_addr32=yes
grub_cv_asm_prefix_requirement=yes
grub_cv_asm_uscore=no
grub_cv_check_edata_symbol=yes
grub_cv_check_end_symbol=yes
grub_cv_check_start_symbol=no
grub_cv_check_uscore_edata_symbol=yes
grub_cv_check_uscore_end_symbol=yes
grub_cv_check_uscore_start_symbol=yes
grub_cv_check_uscore_uscore_bss_start_symbol=yes
grub_cv_prog_objcopy_absolute=yes

## ----------------- ##
## Output variables. ##
## ----------------- ##

ACLOCAL='${SHELL} /home/coding/LINBO/Pxegrub/grub-0.97_ntfs_findloop/missing --run aclocal-1.9'
AMDEPBACKSLASH='\'
AMDEP_FALSE='#'
AMDEP_TRUE=''
AMTAR='${SHELL} /home/coding/LINBO/Pxegrub/grub-0.97_ntfs_findloop/missing --run tar'
AUTOCONF='${SHELL} /home/coding/LINBO/Pxegrub/grub-0.97_ntfs_findloop/missing --run autoconf'
AUTOHEADER='${SHELL} /home/coding/LINBO/Pxegrub/grub-0.97_ntfs_findloop/missing --run autoheader'
AUTOMAKE='${SHELL} /home/coding/LINBO/Pxegrub/grub-0.97_ntfs_findloop/missing --run automake-1.9'
AWK='gawk'
BUILD_EXAMPLE_KERNEL_FALSE=''
BUILD_EXAMPLE_KERNEL_TRUE='#'
CC='gcc'
CCAS='gcc'
CCASFLAGS='$(DEFS) $(DEFAULT_INCLUDES) $(INCLUDES) $(CPPFLAGS) $(CFLAGS)'
CCDEPMODE='depmode=gcc3'
CFLAGS='  -g'
CPP='gcc -E'
CPPFLAGS=' -Wall -Wmissing-prototypes -Wunused -Wshadow -Wpointer-arith -falign-jumps=1 -falign-loops=1 -falign-functions=1 -Wundef'
CYGPATH_W='echo'
DEFS='-DHAVE_CONFIG_H'
DEPDIR='.deps'
DISKLESS_SUPPORT_FALSE='#'
DISKLESS_SUPPORT_TRUE=''
ECHO_C=''
ECHO_N='-n'
ECHO_T=''
EGREP='/bin/grep -E'
EXEEXT=''
FSYS_CFLAGS=' -DFSYS_EXT2FS=1 -DFSYS_NTFS=1 -DFSYS_FAT=1 -DFSYS_FFS=1 -DFSYS_UFS2=1 -DFSYS_MINIX=1 -DFSYS_REISERFS=1 -DFSYS_VSTAFS=1 -DFSYS_JFS=1 -DFSYS_XFS=1 -DFSYS_ISO9660=1 -DUSE_MD5_PASSWORDS=1 -DFSYS_TFTP=1'
GREP='/bin/grep'
GRUB_CFLAGS='-O2'
GRUB_LIBS=' -lncurses'
HERCULES_SUPPORT_FALSE='#'
HERCULES_SUPPORT_TRUE=''
INSTALL_DATA='${INSTALL} -m 644'
INSTALL_PROGRAM='${INSTALL}'
INSTALL_SCRIPT='${INSTALL}'
INSTALL_STRIP_PROGRAM='${SHELL} $(install_sh) -c -s'
LDFLAGS=''
LIBOBJS=''
LIBS=''
LTLIBOBJS=''
MAINT='#'
MAINTAINER_MODE_FALSE=''
MAINTAINER_MODE_TRUE='#'
MAKEINFO='${SHELL} /home/coding/LINBO/Pxegrub/grub-0.97_ntfs_findloop/missing --run makeinfo'
NETBOOT_DRIVERS=' pxe_tftp.o'
NETBOOT_SUPPORT_FALSE='#'
NETBOOT_SUPPORT_TRUE=''
NET_CFLAGS=' -DINCLUDE_PXE_TFTP=1'
NET_EXTRAFLAGS=' -DCONGESTED=1 -DCONFIG_PCI -DNE_SCAN=0x280,0x300,0x320,0x340 -DWD_DEFAULT_MEM=0xCC000'
OBJCOPY='objcopy'
OBJEXT='o'
PACKAGE='grub'
PACKAGE_BUGREPORT='adam@os.inf.tu-dresden.de'
PACKAGE_NAME='GRUB'
PACKAGE_STRING='GRUB 0.97-os.6'
PACKAGE_TARNAME='grub'
PACKAGE_VERSION='0.97-os.6'
PATH_SEPARATOR=':'
PERL=''
RANLIB='ranlib'
SERIAL_SPEED_SIMULATION_FALSE=''
SERIAL_SPEED_SIMULATION_TRUE='#'
SERIAL_SUPPORT_FALSE='#'
SERIAL_SUPPORT_TRUE=''
SET_MAKE=''
SHELL='/bin/sh'
STAGE1_CFLAGS='-O2'
STAGE2_CFLAGS='-Os -fno-stack-protector'
STRIP=''
VERSION='0.97-os.6'
ac_ct_CC='gcc'
am__fastdepCC_FALSE='#'
am__fastdepCC_TRUE=''
am__include='include'
am__leading_dot='.'
am__quote=''
am__tar='${AMTAR} chof - "$$tardir"'
am__untar='${AMTAR} xf -'
bindir='${exec_prefix}/bin'
build='i686-pc-linux-gnu'
build_alias=''
build_cpu='i686'
build_os='linux-gnu'
build_vendor='pc'
datadir='${datarootdir}'
datarootdir='${prefix}/share'
docdir='${datarootdir}/doc/${PACKAGE_TARNAME}'
dvidir='${docdir}'
exec_prefix='${prefix}'
host='i686-pc-linux-gnu'
host_alias=''
host_cpu='i386'
host_os='linux-gnu'
host_vendor='pc'
htmldir='${docdir}'
includedir='${prefix}/include'
infodir='${datarootdir}/info'
install_sh='/home/coding/LINBO/Pxegrub/grub-0.97_ntfs_findloop/install-sh'
libdir='${exec_prefix}/lib'
libexecdir='${exec_prefix}/libexec'
localedir='${datarootdir}/locale'
localstatedir='${prefix}/var'
mandir='${datarootdir}/man'
mkdir_p='mkdir -p --'
oldincludedir='/usr/include'
pdfdir='${docdir}'
prefix='/usr/local'
program_transform_name='s,x,x,'
psdir='${docdir}'
sbindir='${exec_prefix}/sbin'
sharedstatedir='${prefix}/com'
sysconfdir='${prefix}/etc'
target_alias=''

## ----------- ##
## confdefs.h. ##
## ----------- ##

#define PACKAGE_NAME "GRUB"
#define PACKAGE_TARNAME "grub"
#define PACKAGE_VERSION "0.97-os.6"
#define PACKAGE_STRING "GRUB 0.97-os.6"
#define PACKAGE_BUGREPORT "adam@os.inf.tu-dresden.de"
#define PACKAGE "grub"
#define VERSION "0.97-os.6"
#define ADDR32 addr32
#define DATA32 data32
#define HAVE_USCORE_START_SYMBOL 1
#define HAVE_USCORE_USCORE_BSS_START_SYMBOL 1
#define HAVE_USCORE_EDATA_SYMBOL 1
#define HAVE_EDATA_SYMBOL 1
#define HAVE_END_SYMBOL 1
#define HAVE_USCORE_END_SYMBOL 1
#define HAVE_LIBCURSES 1
#define STDC_HEADERS 1
#define HAVE_SYS_TYPES_H 1
#define HAVE_SYS_STAT_H 1
#define HAVE_STDLIB_H 1
#define HAVE_STRING_H 1
#define HAVE_MEMORY_H 1
#define HAVE_STRINGS_H 1
#define HAVE_INTTYPES_H 1
#define HAVE_STDINT_H 1
#define HAVE_UNISTD_H 1
#define HAVE_STRING_H 1
#define HAVE_STRINGS_H 1
#define HAVE_NCURSES_H 1
#define HAVE_CURSES_H 1
#define AUTO_LINUX_MEM_OPT 1

configure: exit 0
