This file contains any messages produced by compilers while
running configure, to aid debugging if configure makes a mistake.

It was created by configure, which was
generated by GNU Autoconf 2.52.  Invocation command line was

  $ ./configure 

## ---------- ##
## Platform.  ##
## ---------- ##

hostname = eeepc
uname -m = i686
uname -r = 2.6.36.1
uname -s = Linux
uname -v = #2 SMP PREEMPT Fri Nov 26 03:39:08 CET 2010

/usr/bin/uname -p = unknown
/bin/uname -X     = unknown

/bin/arch              = unknown
/usr/bin/arch -k       = unknown
/usr/convex/getsysinfo = unknown
hostinfo               = unknown
/bin/machine           = unknown
/usr/bin/oslevel       = unknown
/bin/universe          = unknown

PATH = /home/knopper/bin:/usr/local/sbin:/usr/local/bin:/usr/sbin:/usr/bin:/sbin:/bin:/usr/games

## ------------ ##
## Core tests.  ##
## ------------ ##

configure:954: PATH=".;."; conftest.sh
./configure: line 955: conftest.sh: command not found
configure:957: $? = 127
configure:999: checking build system type
configure:1017: result: i686-pc-linux-gnu
configure:1024: checking host system type
configure:1038: result: i686-pc-linux-gnu
configure:1096: checking for gcc
configure:1111: found /usr/bin/gcc
configure:1119: result: gcc
configure:1347: checking for C compiler version
configure:1350: gcc --version </dev/null >&5
gcc (Debian 4.4.5-5) 4.4.5
Copyright (C) 2010 Free Software Foundation, Inc.
This is free software; see the source for copying conditions.  There is NO
warranty; not even for MERCHANTABILITY or FITNESS FOR A PARTICULAR PURPOSE.

configure:1353: $? = 0
configure:1355: gcc -v </dev/null >&5
Using built-in specs.
Target: i486-linux-gnu
Configured with: ../src/configure -v --with-pkgversion='Debian 4.4.5-5' --with-bugurl=file:///usr/share/doc/gcc-4.4/README.Bugs --enable-languages=c,c++,fortran,objc,obj-c++ --prefix=/usr --program-suffix=-4.4 --enable-shared --enable-multiarch --enable-linker-build-id --with-system-zlib --libexecdir=/usr/lib --without-included-gettext --enable-threads=posix --with-gxx-include-dir=/usr/include/c++/4.4 --libdir=/usr/lib --enable-nls --enable-clocale=gnu --enable-libstdcxx-debug --enable-objc-gc --enable-targets=all --with-arch-32=i586 --with-tune=generic --enable-checking=release --build=i486-linux-gnu --host=i486-linux-gnu --target=i486-linux-gnu
Thread model: posix
gcc version 4.4.5 (Debian 4.4.5-5) 
configure:1358: $? = 0
configure:1360: gcc -V </dev/null >&5
gcc: '-V' option must have argument
configure:1363: $? = 1
configure:1383: checking for C compiler default output
configure:1386: gcc    conftest.c  >&5
configure:1389: $? = 0
configure:1418: result: a.out
configure:1423: checking whether the C compiler works
configure:1429: ./a.out
configure:1432: $? = 0
configure:1447: result: yes
configure:1454: checking whether we are cross compiling
configure:1456: result: no
configure:1459: checking for executable suffix
configure:1461: gcc -o conftest    conftest.c  >&5
configure:1464: $? = 0
configure:1486: result: 
configure:1492: checking for object suffix
configure:1510: gcc -c   conftest.c >&5
configure:1513: $? = 0
configure:1532: result: o
configure:1536: checking whether we are using the GNU C compiler
configure:1557: gcc -c   conftest.c >&5
configure:1560: $? = 0
configure:1563: test -s conftest.o
configure:1566: $? = 0
configure:1578: result: yes
configure:1584: checking whether gcc accepts -g
configure:1602: gcc -c -g  conftest.c >&5
configure:1605: $? = 0
configure:1608: test -s conftest.o
configure:1611: $? = 0
configure:1621: result: yes
configure:1648: gcc -c -g -O2  conftest.c >&5
conftest.c:2: error: expected '=', ',', ';', 'asm' or '__attribute__' before 'me'
configure:1651: $? = 1
configure: failed program was:
#ifndef __cplusplus
  choke me
#endif
configure:1776: checking for a BSD compatible install
configure:1825: result: /usr/bin/install -c
configure:1841: checking how to run the C preprocessor
configure:1867: gcc -E  conftest.c
configure:1873: $? = 0
configure:1900: gcc -E  conftest.c
configure:1897:28: error: ac_nonexistent.h: No such file or directory
configure:1906: $? = 1
configure: failed program was:
#line 1896 "configure"
#include "confdefs.h"
#include <ac_nonexistent.h>
configure:1943: result: gcc -E
configure:1958: gcc -E  conftest.c
configure:1964: $? = 0
configure:1991: gcc -E  conftest.c
configure:1988:28: error: ac_nonexistent.h: No such file or directory
configure:1997: $? = 1
configure: failed program was:
#line 1987 "configure"
#include "confdefs.h"
#include <ac_nonexistent.h>
configure:2036: checking for ANSI C header files
configure:2050: gcc -E  conftest.c
configure:2056: $? = 0
configure:2143: gcc -o conftest -g -O2   conftest.c  >&5
configure: In function 'main':
configure:2135: warning: incompatible implicit declaration of built-in function 'exit'
configure:2146: $? = 0
configure:2148: ./conftest
configure:2151: $? = 0
configure:2164: result: yes
configure:2180: checking for sys/types.h
configure:2192: gcc -c -g -O2  conftest.c >&5
configure:2195: $? = 0
configure:2198: test -s conftest.o
configure:2201: $? = 0
configure:2211: result: yes
configure:2180: checking for sys/stat.h
configure:2192: gcc -c -g -O2  conftest.c >&5
configure:2195: $? = 0
configure:2198: test -s conftest.o
configure:2201: $? = 0
configure:2211: result: yes
configure:2180: checking for stdlib.h
configure:2192: gcc -c -g -O2  conftest.c >&5
configure:2195: $? = 0
configure:2198: test -s conftest.o
configure:2201: $? = 0
configure:2211: result: yes
configure:2180: checking for string.h
configure:2192: gcc -c -g -O2  conftest.c >&5
configure:2195: $? = 0
configure:2198: test -s conftest.o
configure:2201: $? = 0
configure:2211: result: yes
configure:2180: checking for memory.h
configure:2192: gcc -c -g -O2  conftest.c >&5
configure:2195: $? = 0
configure:2198: test -s conftest.o
configure:2201: $? = 0
configure:2211: result: yes
configure:2180: checking for strings.h
configure:2192: gcc -c -g -O2  conftest.c >&5
configure:2195: $? = 0
configure:2198: test -s conftest.o
configure:2201: $? = 0
configure:2211: result: yes
configure:2180: checking for inttypes.h
configure:2192: gcc -c -g -O2  conftest.c >&5
configure:2195: $? = 0
configure:2198: test -s conftest.o
configure:2201: $? = 0
configure:2211: result: yes
configure:2180: checking for stdint.h
configure:2192: gcc -c -g -O2  conftest.c >&5
configure:2195: $? = 0
configure:2198: test -s conftest.o
configure:2201: $? = 0
configure:2211: result: yes
configure:2180: checking for unistd.h
configure:2192: gcc -c -g -O2  conftest.c >&5
configure:2195: $? = 0
configure:2198: test -s conftest.o
configure:2201: $? = 0
configure:2211: result: yes
configure:2221: checking for int
configure:2242: gcc -c -g -O2  conftest.c >&5
configure:2245: $? = 0
configure:2248: test -s conftest.o
configure:2251: $? = 0
configure:2261: result: yes
configure:2264: checking size of int
configure:2428: gcc -o conftest -g -O2   conftest.c  >&5
configure:2431: $? = 0
configure:2433: ./conftest
configure:2436: $? = 0
configure:2452: result: 4
configure:2458: checking for long
configure:2479: gcc -c -g -O2  conftest.c >&5
configure:2482: $? = 0
configure:2485: test -s conftest.o
configure:2488: $? = 0
configure:2498: result: yes
configure:2501: checking size of long
configure:2665: gcc -o conftest -g -O2   conftest.c  >&5
configure:2668: $? = 0
configure:2670: ./conftest
configure:2673: $? = 0
configure:2689: result: 4
configure:2695: checking for void *
configure:2716: gcc -c -g -O2  conftest.c >&5
configure:2719: $? = 0
configure:2722: test -s conftest.o
configure:2725: $? = 0
configure:2735: result: yes
configure:2738: checking size of void *
configure:2902: gcc -o conftest -g -O2   conftest.c  >&5
configure:2905: $? = 0
configure:2907: ./conftest
configure:2910: $? = 0
configure:2926: result: 4
configure:2932: checking for size_t
configure:2953: gcc -c -g -O2  conftest.c >&5
configure:2956: $? = 0
configure:2959: test -s conftest.o
configure:2962: $? = 0
configure:2972: result: yes
configure:2984: checking for off_t
configure:3005: gcc -c -g -O2  conftest.c >&5
configure:3008: $? = 0
configure:3011: test -s conftest.o
configure:3014: $? = 0
configure:3024: result: yes
configure:3036: checking for ANSI C header files
configure:3164: result: yes
configure:3177: checking for fcntl.h
configure:3187: gcc -E  conftest.c
configure:3193: $? = 0
configure:3212: result: yes
configure:3177: checking for termcap.h
configure:3187: gcc -E  conftest.c
configure:3193: $? = 0
configure:3212: result: yes
configure:3177: checking for termio.h
configure:3187: gcc -E  conftest.c
configure:3193: $? = 0
configure:3212: result: yes
configure:3177: checking for termios.h
configure:3187: gcc -E  conftest.c
configure:3193: $? = 0
configure:3212: result: yes
configure:3177: checking for unistd.h
configure:3212: result: yes
configure:3177: checking for term.h
configure:3187: gcc -E  conftest.c
configure:3193: $? = 0
configure:3212: result: yes
configure:3177: checking for ncurses/term.h
configure:3187: gcc -E  conftest.c
configure:3184:26: error: ncurses/term.h: No such file or directory
configure:3193: $? = 1
configure: failed program was:
#line 3183 "configure"
#include "confdefs.h"
#include <ncurses/term.h>
configure:3212: result: no
configure:3236: checking for ncurses.h
configure:3246: gcc -E  conftest.c
configure:3252: $? = 0
configure:3271: result: yes
configure:3274: checking for initscr in -lncurses
configure:3301: gcc -o conftest -g -O2   conftest.c -lncurses   >&5
configure:3304: $? = 0
configure:3307: test -s conftest
configure:3310: $? = 0
configure:3321: result: yes
configure:3501: checking for strdup
configure:3538: gcc -o conftest -g -O2   conftest.c  -lncurses >&5
configure:3517: warning: conflicting types for built-in function 'strdup'
configure:3541: $? = 0
configure:3544: test -s conftest
configure:3547: $? = 0
configure:3557: result: yes
configure:3501: checking for strtol
configure:3538: gcc -o conftest -g -O2   conftest.c  -lncurses >&5
configure:3541: $? = 0
configure:3544: test -s conftest
configure:3547: $? = 0
configure:3557: result: yes
configure:3501: checking for strerror
configure:3538: gcc -o conftest -g -O2   conftest.c  -lncurses >&5
configure:3541: $? = 0
configure:3544: test -s conftest
configure:3547: $? = 0
configure:3557: result: yes
configure:3501: checking for memmove
configure:3538: gcc -o conftest -g -O2   conftest.c  -lncurses >&5
configure:3517: warning: conflicting types for built-in function 'memmove'
configure:3541: $? = 0
configure:3544: test -s conftest
configure:3547: $? = 0
configure:3557: result: yes
configure:3579: checking for a BSD compatible install
configure:3628: result: /usr/bin/install -c
configure:3720: creating ./config.status

## ----------------------- ##
## Running config.status.  ##
## ----------------------- ##

This file was extended by config.status 2.52, executed with
  CONFIG_FILES    = 
  CONFIG_HEADERS  = 
  CONFIG_LINKS    = 
  CONFIG_COMMANDS = 
  > ./config.status 
on eeepc

config.status:4163: creating Makefile
config.status:4255: creating config.h

## ----------------- ##
## Cache variables.  ##
## ----------------- ##

ac_cv_build=i686-pc-linux-gnu
ac_cv_build_alias=i686-pc-linux-gnu
ac_cv_c_compiler_gnu=yes
ac_cv_env_CC_set=
ac_cv_env_CC_value=
ac_cv_env_CFLAGS_set=
ac_cv_env_CFLAGS_value=
ac_cv_env_CPPFLAGS_set=
ac_cv_env_CPPFLAGS_value=
ac_cv_env_CPP_set=
ac_cv_env_CPP_value=
ac_cv_env_LDFLAGS_set=
ac_cv_env_LDFLAGS_value=
ac_cv_env_build_alias_set=
ac_cv_env_build_alias_value=
ac_cv_env_host_alias_set=
ac_cv_env_host_alias_value=
ac_cv_env_target_alias_set=
ac_cv_env_target_alias_value=
ac_cv_func_memmove=yes
ac_cv_func_strdup=yes
ac_cv_func_strerror=yes
ac_cv_func_strtol=yes
ac_cv_header_fcntl_h=yes
ac_cv_header_inttypes_h=yes
ac_cv_header_memory_h=yes
ac_cv_header_ncurses_h=yes
ac_cv_header_ncurses_term_h=no
ac_cv_header_stdc=yes
ac_cv_header_stdint_h=yes
ac_cv_header_stdlib_h=yes
ac_cv_header_string_h=yes
ac_cv_header_strings_h=yes
ac_cv_header_sys_stat_h=yes
ac_cv_header_sys_types_h=yes
ac_cv_header_term_h=yes
ac_cv_header_termcap_h=yes
ac_cv_header_termio_h=yes
ac_cv_header_termios_h=yes
ac_cv_header_unistd_h=yes
ac_cv_host=i686-pc-linux-gnu
ac_cv_host_alias=i686-pc-linux-gnu
ac_cv_lib_ncurses_initscr=yes
ac_cv_objext=o
ac_cv_path_install='/usr/bin/install -c'
ac_cv_prog_CPP='gcc -E'
ac_cv_prog_ac_ct_CC=gcc
ac_cv_prog_cc_g=yes
ac_cv_sizeof_int=4
ac_cv_sizeof_long=4
ac_cv_sizeof_void_p=4
ac_cv_type_int=yes
ac_cv_type_long=yes
ac_cv_type_off_t=yes
ac_cv_type_size_t=yes
ac_cv_type_void_p=yes

## ------------ ##
## confdefs.h.  ##
## ------------ ##

#define STDC_HEADERS 1
#define HAVE_SYS_TYPES_H 1
#define HAVE_SYS_STAT_H 1
#define HAVE_STDLIB_H 1
#define HAVE_STRING_H 1
#define HAVE_MEMORY_H 1
#define HAVE_STRINGS_H 1
#define HAVE_INTTYPES_H 1
#define HAVE_STDINT_H 1
#define HAVE_UNISTD_H 1
#define SIZEOF_INT 4
#define SIZEOF_LONG 4
#define SIZEOF_VOID_P 4
#define STDC_HEADERS 1
#define HAVE_FCNTL_H 1
#define HAVE_TERMCAP_H 1
#define HAVE_TERMIO_H 1
#define HAVE_TERMIOS_H 1
#define HAVE_UNISTD_H 1
#define HAVE_TERM_H 1
#define HAVE_NCURSES_H 1
#define HAVE_STRDUP 1
#define HAVE_STRTOL 1
#define HAVE_STRERROR 1
#define HAVE_MEMMOVE 1


configure: exit 0
